This is pdfTeX, Version 3.141592653-2.6-1.40.24 (TeX Live 2022) (preloaded format=pdflatex 2023.1.9)  18 FEB 2024 17:05
entering extended mode
 restricted \write18 enabled.
 file:line:error style messages enabled.
 %&-line parsing enabled.
**"c:/Users/Sarah Smallwood/Desktop/grad_school/CSI_5324/cs5324_s24_class_project/project_artifacts/iteration_1/Iteration-1/Iteration-1.tex"
(c:/Users/Sarah Smallwood/Desktop/grad_school/CSI_5324/cs5324_s24_class_project/project_artifacts/iteration_1/Iteration-1/Iteration-1.tex
LaTeX2e <2022-11-01> patch level 1
L3 programming layer <2022-12-17> (c:/texlive/2022/texmf-dist/tex/latex/base/article.cls
Document Class: article 2022/07/02 v1.4n Standard LaTeX document class
(c:/texlive/2022/texmf-dist/tex/latex/base/size10.clo
File: size10.clo 2022/07/02 v1.4n Standard LaTeX file (size option)
)
\c@part=\count185
\c@section=\count186
\c@subsection=\count187
\c@subsubsection=\count188
\c@paragraph=\count189
\c@subparagraph=\count190
\c@figure=\count191
\c@table=\count192
\abovecaptionskip=\skip48
\belowcaptionskip=\skip49
\bibindent=\dimen140
) (c:/texlive/2022/texmf-dist/tex/latex/preprint/fullpage.sty
Package: fullpage 1999/02/23 1.1 (PWD)
\FP@margin=\skip50
) (c:/texlive/2022/texmf-dist/tex/latex/graphics/graphicx.sty
Package: graphicx 2021/09/16 v1.2d Enhanced LaTeX Graphics (DPC,SPQR)
 (c:/texlive/2022/texmf-dist/tex/latex/graphics/keyval.sty
Package: keyval 2022/05/29 v1.15 key=value parser (DPC)
\KV@toks@=\toks16
) (c:/texlive/2022/texmf-dist/tex/latex/graphics/graphics.sty
Package: graphics 2022/03/10 v1.4e Standard LaTeX Graphics (DPC,SPQR)
 (c:/texlive/2022/texmf-dist/tex/latex/graphics/trig.sty
Package: trig 2021/08/11 v1.11 sin cos tan (DPC)
) (c:/texlive/2022/texmf-dist/tex/latex/graphics-cfg/graphics.cfg
File: graphics.cfg 2016/06/04 v1.11 sample graphics configuration
)
Package graphics Info: Driver file: pdftex.def on input line 107.
 (c:/texlive/2022/texmf-dist/tex/latex/graphics-def/pdftex.def
File: pdftex.def 2022/09/22 v1.2b Graphics/color driver for pdftex
))
\Gin@req@height=\dimen141
\Gin@req@width=\dimen142
) (c:/texlive/2022/texmf-dist/tex/latex/amsfonts/amsfonts.sty
Package: amsfonts 2013/01/14 v3.01 Basic AMSFonts support
\@emptytoks=\toks17
\symAMSa=\mathgroup4
\symAMSb=\mathgroup5
LaTeX Font Info:    Redeclaring math symbol \hbar on input line 98.
LaTeX Font Info:    Overwriting math alphabet `\mathfrak' in version `bold'
(Font)                  U/euf/m/n --> U/euf/b/n on input line 106.
) (c:/texlive/2022/texmf-dist/tex/latex/float/float.sty
Package: float 2001/11/08 v1.3d Float enhancements (AL)
\c@float@type=\count193
\float@exts=\toks18
\float@box=\box51
\@float@everytoks=\toks19
\@floatcapt=\box52
) (c:/texlive/2022/texmf-dist/tex/latex/enumitem/enumitem.sty
Package: enumitem 2019/06/20 v3.9 Customized lists
\labelindent=\skip51
\enit@outerparindent=\dimen143
\enit@toks=\toks20
\enit@inbox=\box53
\enit@count@id=\count194
\enitdp@description=\count195
) (c:/texlive/2022/texmf-dist/tex/latex/caption/caption.sty
Package: caption 2022/03/01 v3.6b Customizing captions (AR)
 (c:/texlive/2022/texmf-dist/tex/latex/caption/caption3.sty
Package: caption3 2022/03/17 v2.3b caption3 kernel (AR)
\caption@tempdima=\dimen144
\captionmargin=\dimen145
\caption@leftmargin=\dimen146
\caption@rightmargin=\dimen147
\caption@width=\dimen148
\caption@indent=\dimen149
\caption@parindent=\dimen150
\caption@hangindent=\dimen151
Package caption Info: Standard document class detected.
)
\c@caption@flags=\count196
\c@continuedfloat=\count197
Package caption Info: float package is loaded.
) (c:/texlive/2022/texmf-dist/tex/latex/adjustbox/adjustbox.sty
Package: adjustbox 2022/10/17 v1.3a Adjusting TeX boxes (trim, clip, ...)
 (c:/texlive/2022/texmf-dist/tex/latex/xkeyval/xkeyval.sty
Package: xkeyval 2022/06/16 v2.9 package option processing (HA)
 (c:/texlive/2022/texmf-dist/tex/generic/xkeyval/xkeyval.tex (c:/texlive/2022/texmf-dist/tex/generic/xkeyval/xkvutils.tex
\XKV@toks=\toks21
\XKV@tempa@toks=\toks22
)
\XKV@depth=\count198
File: xkeyval.tex 2014/12/03 v2.7a key=value parser (HA)
)) (c:/texlive/2022/texmf-dist/tex/latex/adjustbox/adjcalc.sty
Package: adjcalc 2012/05/16 v1.1 Provides advanced setlength with multiple back-ends (calc, etex, pgfmath)
) (c:/texlive/2022/texmf-dist/tex/latex/adjustbox/trimclip.sty
Package: trimclip 2020/08/19 v1.2 Trim and clip general TeX material
 (c:/texlive/2022/texmf-dist/tex/latex/collectbox/collectbox.sty
Package: collectbox 2022/10/17 v0.4c Collect macro arguments as boxes
\collectedbox=\box54
)
\tc@llx=\dimen152
\tc@lly=\dimen153
\tc@urx=\dimen154
\tc@ury=\dimen155
Package trimclip Info: Using driver 'tc-pdftex.def'.
 (c:/texlive/2022/texmf-dist/tex/latex/adjustbox/tc-pdftex.def
File: tc-pdftex.def 2019/01/04 v2.2 Clipping driver for pdftex
))
\adjbox@Width=\dimen156
\adjbox@Height=\dimen157
\adjbox@Depth=\dimen158
\adjbox@Totalheight=\dimen159
\adjbox@pwidth=\dimen160
\adjbox@pheight=\dimen161
\adjbox@pdepth=\dimen162
\adjbox@ptotalheight=\dimen163
 (c:/texlive/2022/texmf-dist/tex/latex/ifoddpage/ifoddpage.sty
Package: ifoddpage 2022/10/18 v1.2 Conditionals for odd/even page detection
\c@checkoddpage=\count199
) (c:/texlive/2022/texmf-dist/tex/latex/varwidth/varwidth.sty
Package: varwidth 2009/03/30 ver 0.92;  Variable-width minipages
\@vwid@box=\box55
\sift@deathcycles=\count266
\@vwid@loff=\dimen164
\@vwid@roff=\dimen165
)) (c:/texlive/2022/texmf-dist/tex/latex/bookmark/bookmark.sty
Package: bookmark 2020-11-06 v1.29 PDF bookmarks (HO)
 (c:/texlive/2022/texmf-dist/tex/latex/hyperref/hyperref.sty
Package: hyperref 2022-11-13 v7.00u Hypertext links for LaTeX
 (c:/texlive/2022/texmf-dist/tex/generic/ltxcmds/ltxcmds.sty
Package: ltxcmds 2020-05-10 v1.25 LaTeX kernel commands for general use (HO)
) (c:/texlive/2022/texmf-dist/tex/generic/iftex/iftex.sty
Package: iftex 2022/02/03 v1.0f TeX engine tests
) (c:/texlive/2022/texmf-dist/tex/generic/pdftexcmds/pdftexcmds.sty
Package: pdftexcmds 2020-06-27 v0.33 Utility functions of pdfTeX for LuaTeX (HO)
 (c:/texlive/2022/texmf-dist/tex/generic/infwarerr/infwarerr.sty
Package: infwarerr 2019/12/03 v1.5 Providing info/warning/error messages (HO)
)
Package pdftexcmds Info: \pdf@primitive is available.
Package pdftexcmds Info: \pdf@ifprimitive is available.
Package pdftexcmds Info: \pdfdraftmode found.
) (c:/texlive/2022/texmf-dist/tex/latex/kvsetkeys/kvsetkeys.sty
Package: kvsetkeys 2022-10-05 v1.19 Key value parser (HO)
) (c:/texlive/2022/texmf-dist/tex/generic/kvdefinekeys/kvdefinekeys.sty
Package: kvdefinekeys 2019-12-19 v1.6 Define keys (HO)
) (c:/texlive/2022/texmf-dist/tex/generic/pdfescape/pdfescape.sty
Package: pdfescape 2019/12/09 v1.15 Implements pdfTeX's escape features (HO)
) (c:/texlive/2022/texmf-dist/tex/latex/hycolor/hycolor.sty
Package: hycolor 2020-01-27 v1.10 Color options for hyperref/bookmark (HO)
) (c:/texlive/2022/texmf-dist/tex/latex/letltxmacro/letltxmacro.sty
Package: letltxmacro 2019/12/03 v1.6 Let assignment for LaTeX macros (HO)
) (c:/texlive/2022/texmf-dist/tex/latex/auxhook/auxhook.sty
Package: auxhook 2019-12-17 v1.6 Hooks for auxiliary files (HO)
) (c:/texlive/2022/texmf-dist/tex/latex/hyperref/nameref.sty
Package: nameref 2022-05-17 v2.50 Cross-referencing by name of section
 (c:/texlive/2022/texmf-dist/tex/latex/refcount/refcount.sty
Package: refcount 2019/12/15 v3.6 Data extraction from label references (HO)
) (c:/texlive/2022/texmf-dist/tex/generic/gettitlestring/gettitlestring.sty
Package: gettitlestring 2019/12/15 v1.6 Cleanup title references (HO)
 (c:/texlive/2022/texmf-dist/tex/latex/kvoptions/kvoptions.sty
Package: kvoptions 2022-06-15 v3.15 Key value format for package options (HO)
))
\c@section@level=\count267
)
\@linkdim=\dimen166
\Hy@linkcounter=\count268
\Hy@pagecounter=\count269
 (c:/texlive/2022/texmf-dist/tex/latex/hyperref/pd1enc.def
File: pd1enc.def 2022-11-13 v7.00u Hyperref: PDFDocEncoding definition (HO)
Now handling font encoding PD1 ...
... no UTF-8 mapping file for font encoding PD1
) (c:/texlive/2022/texmf-dist/tex/generic/intcalc/intcalc.sty
Package: intcalc 2019/12/15 v1.3 Expandable calculations with integers (HO)
) (c:/texlive/2022/texmf-dist/tex/generic/etexcmds/etexcmds.sty
Package: etexcmds 2019/12/15 v1.7 Avoid name clashes with e-TeX commands (HO)
)
\Hy@SavedSpaceFactor=\count270
 (c:/texlive/2022/texmf-dist/tex/latex/hyperref/puenc.def
File: puenc.def 2022-11-13 v7.00u Hyperref: PDF Unicode definition (HO)
Now handling font encoding PU ...
... no UTF-8 mapping file for font encoding PU
)
Package hyperref Info: Hyper figures OFF on input line 4162.
Package hyperref Info: Link nesting OFF on input line 4167.
Package hyperref Info: Hyper index ON on input line 4170.
Package hyperref Info: Plain pages OFF on input line 4177.
Package hyperref Info: Backreferencing OFF on input line 4182.
Package hyperref Info: Implicit mode ON; LaTeX internals redefined.
Package hyperref Info: Bookmarks ON on input line 4410.
\c@Hy@tempcnt=\count271
 (c:/texlive/2022/texmf-dist/tex/latex/url/url.sty
\Urlmuskip=\muskip16
Package: url 2013/09/16  ver 3.4  Verb mode for urls, etc.
)
LaTeX Info: Redefining \url on input line 4748.
\XeTeXLinkMargin=\dimen167
 (c:/texlive/2022/texmf-dist/tex/generic/bitset/bitset.sty
Package: bitset 2019/12/09 v1.3 Handle bit-vector datatype (HO)
 (c:/texlive/2022/texmf-dist/tex/generic/bigintcalc/bigintcalc.sty
Package: bigintcalc 2019/12/15 v1.5 Expandable calculations on big integers (HO)
))
\Fld@menulength=\count272
\Field@Width=\dimen168
\Fld@charsize=\dimen169
Package hyperref Info: Hyper figures OFF on input line 6027.
Package hyperref Info: Link nesting OFF on input line 6032.
Package hyperref Info: Hyper index ON on input line 6035.
Package hyperref Info: backreferencing OFF on input line 6042.
Package hyperref Info: Link coloring OFF on input line 6047.
Package hyperref Info: Link coloring with OCG OFF on input line 6052.
Package hyperref Info: PDF/A mode OFF on input line 6057.
 (c:/texlive/2022/texmf-dist/tex/latex/base/atbegshi-ltx.sty
Package: atbegshi-ltx 2021/01/10 v1.0c Emulation of the original atbegshi
package with kernel methods
)
\Hy@abspage=\count273
\c@Item=\count274
\c@Hfootnote=\count275
)
Package hyperref Info: Driver (autodetected): hpdftex.
 (c:/texlive/2022/texmf-dist/tex/latex/hyperref/hpdftex.def
File: hpdftex.def 2022-11-13 v7.00u Hyperref driver for pdfTeX
 (c:/texlive/2022/texmf-dist/tex/latex/base/atveryend-ltx.sty
Package: atveryend-ltx 2020/08/19 v1.0a Emulation of the original atveryend package
with kernel methods
)
\Fld@listcount=\count276
\c@bookmark@seq@number=\count277
 (c:/texlive/2022/texmf-dist/tex/latex/rerunfilecheck/rerunfilecheck.sty
Package: rerunfilecheck 2022-07-10 v1.10 Rerun checks for auxiliary files (HO)
 (c:/texlive/2022/texmf-dist/tex/generic/uniquecounter/uniquecounter.sty
Package: uniquecounter 2019/12/15 v1.4 Provide unlimited unique counter (HO)
)
Package uniquecounter Info: New unique counter `rerunfilecheck' on input line 285.
)
\Hy@SectionHShift=\skip52
) (c:/texlive/2022/texmf-dist/tex/latex/bookmark/bkm-pdftex.def
File: bkm-pdftex.def 2020-11-06 v1.29 bookmark driver for pdfTeX (HO)
\BKM@id=\count278
)) (c:/texlive/2022/texmf-dist/tex/latex/l3backend/l3backend-pdftex.def
File: l3backend-pdftex.def 2022-10-26 L3 backend support: PDF output (pdfTeX)
\l__color_backend_stack_int=\count279
\l__pdf_internal_box=\box56
) (./Iteration-1.aux)
\openout1 = `Iteration-1.aux'.

LaTeX Font Info:    Checking defaults for OML/cmm/m/it on input line 32.
LaTeX Font Info:    ... okay on input line 32.
LaTeX Font Info:    Checking defaults for OMS/cmsy/m/n on input line 32.
LaTeX Font Info:    ... okay on input line 32.
LaTeX Font Info:    Checking defaults for OT1/cmr/m/n on input line 32.
LaTeX Font Info:    ... okay on input line 32.
LaTeX Font Info:    Checking defaults for T1/cmr/m/n on input line 32.
LaTeX Font Info:    ... okay on input line 32.
LaTeX Font Info:    Checking defaults for TS1/cmr/m/n on input line 32.
LaTeX Font Info:    ... okay on input line 32.
LaTeX Font Info:    Checking defaults for OMX/cmex/m/n on input line 32.
LaTeX Font Info:    ... okay on input line 32.
LaTeX Font Info:    Checking defaults for U/cmr/m/n on input line 32.
LaTeX Font Info:    ... okay on input line 32.
LaTeX Font Info:    Checking defaults for PD1/pdf/m/n on input line 32.
LaTeX Font Info:    ... okay on input line 32.
LaTeX Font Info:    Checking defaults for PU/pdf/m/n on input line 32.
LaTeX Font Info:    ... okay on input line 32.
 (c:/texlive/2022/texmf-dist/tex/context/base/mkii/supp-pdf.mkii
[Loading MPS to PDF converter (version 2006.09.02).]
\scratchcounter=\count280
\scratchdimen=\dimen170
\scratchbox=\box57
\nofMPsegments=\count281
\nofMParguments=\count282
\everyMPshowfont=\toks23
\MPscratchCnt=\count283
\MPscratchDim=\dimen171
\MPnumerator=\count284
\makeMPintoPDFobject=\count285
\everyMPtoPDFconversion=\toks24
) (c:/texlive/2022/texmf-dist/tex/latex/epstopdf-pkg/epstopdf-base.sty
Package: epstopdf-base 2020-01-24 v2.11 Base part for package epstopdf
Package epstopdf-base Info: Redefining graphics rule for `.eps' on input line 485.
 (c:/texlive/2022/texmf-dist/tex/latex/latexconfig/epstopdf-sys.cfg
File: epstopdf-sys.cfg 2010/07/13 v1.3 Configuration of (r)epstopdf for TeX Live
))
Package caption Info: Begin \AtBeginDocument code.
Package caption Info: hyperref package is loaded.
Package caption Info: End \AtBeginDocument code.
Package hyperref Info: Link coloring OFF on input line 32.
LaTeX Font Info:    Trying to load font information for U+msa on input line 36.
 (c:/texlive/2022/texmf-dist/tex/latex/amsfonts/umsa.fd
File: umsa.fd 2013/01/14 v3.01 AMS symbols A
)
LaTeX Font Info:    Trying to load font information for U+msb on input line 36.
 (c:/texlive/2022/texmf-dist/tex/latex/amsfonts/umsb.fd
File: umsb.fd 2013/01/14 v3.01 AMS symbols B
) [1

{c:/texlive/2022/texmf-var/fonts/map/pdftex/updmap/pdftex.map}] (./Iteration-1.toc)
\tf@toc=\write3
\openout3 = `Iteration-1.toc'.

 [2] (./Iteration-1.lof)
\tf@lof=\write4
\openout4 = `Iteration-1.lof'.

 [3] (./sections/func_requirements.tex)
Underfull \hbox (badness 10000) in paragraph at lines 1--48

 []

(./sections/non_func_requirements.tex) (./sections/glossary.tex [4])
<images/DomainModel.jpg, id=119, 1190.4475pt x 856.19875pt>
File: images/DomainModel.jpg Graphic file (type jpg)
<use images/DomainModel.jpg>
Package pdftex.def Info: images/DomainModel.jpg  used on input line 63.
(pdftex.def)             Requested size: 375.80544pt x 270.27887pt.
<images/UCD.png, id=120, 511.15968pt x 901.86937pt>
File: images/UCD.png Graphic file (type png)
<use images/UCD.png>
Package pdftex.def Info: images/UCD.png  used on input line 72.
(pdftex.def)             Requested size: 328.82707pt x 580.1669pt.
 [5 <./images/DomainModel.jpg>] [6]
Overfull \vbox (42.6587pt too high) has occurred while \output is active []

 [7 <./images/UCD.png>] (./sections/uc01.tex
<images/SSD-UC01-ViewMediaLibrary.png, id=136, 272.51813pt x 149.05687pt>
File: images/SSD-UC01-ViewMediaLibrary.png Graphic file (type png)
<use images/SSD-UC01-ViewMediaLibrary.png>
Package pdftex.def Info: images/SSD-UC01-ViewMediaLibrary.png  used on input line 3.
(pdftex.def)             Requested size: 375.80544pt x 205.56223pt.
) (./sections/uc05.tex [8 <./images/SSD-UC01-ViewMediaLibrary.png>]
Underfull \hbox (badness 10000) in paragraph at lines 39--45

 []

[9]
<images/SSD-UC05-EditEvent.png, id=157, 374.14781pt x 247.67531pt>
File: images/SSD-UC05-EditEvent.png Graphic file (type png)
<use images/SSD-UC05-EditEvent.png>
Package pdftex.def Info: images/SSD-UC05-EditEvent.png  used on input line 48.
(pdftex.def)             Requested size: 375.80544pt x 248.78578pt.

Underfull \hbox (badness 10000) in paragraph at lines 53--57

 []

[10 <./images/SSD-UC05-EditEvent.png>]) (./sections/uc06.tex [11]
Underfull \hbox (badness 10000) in paragraph at lines 32--36

 []

<images/SSD-UC06-DeleteEvent.png, id=173, 299.31825pt x 237.88875pt>
File: images/SSD-UC06-DeleteEvent.png Graphic file (type png)
<use images/SSD-UC06-DeleteEvent.png>
Package pdftex.def Info: images/SSD-UC06-DeleteEvent.png  used on input line 39.
(pdftex.def)             Requested size: 375.80544pt x 298.68146pt.
[12 <./images/SSD-UC06-DeleteEvent.png>]
Underfull \hbox (badness 10000) in paragraph at lines 52--53

 []

) (./sections/uc07.tex [13]
Underfull \hbox (badness 10000) in paragraph at lines 25--29

 []

<images/SSD-UC07-ViewEvent.png, id=191, 353.52075pt x 237.88875pt>
File: images/SSD-UC07-ViewEvent.png Graphic file (type png)
<use images/SSD-UC07-ViewEvent.png>
Package pdftex.def Info: images/SSD-UC07-ViewEvent.png  used on input line 32.
(pdftex.def)             Requested size: 375.80544pt x 252.89772pt.
)
Underfull \hbox (badness 10000) in paragraph at lines 45--123

 []

<images/SSD-UC08-SubmitForReview.png, id=192, 424.58624pt x 142.28156pt>
File: images/SSD-UC08-SubmitForReview.png Graphic file (type png)
<use images/SSD-UC08-SubmitForReview.png>
Package pdftex.def Info: images/SSD-UC08-SubmitForReview.png  used on input line 127.
(pdftex.def)             Requested size: 375.80544pt x 125.93979pt.
[14 <./images/SSD-UC07-ViewEvent.png>] (./sections/uc09.tex [15 <./images/SSD-UC08-SubmitForReview.png>]
Underfull \hbox (badness 10000) in paragraph at lines 48--49

 []

<images/SSD-UC09-ReviewForApproval.png, id=206, 672.111pt x 508.299pt>
File: images/SSD-UC09-ReviewForApproval.png Graphic file (type png)
<use images/SSD-UC09-ReviewForApproval.png>
Package pdftex.def Info: images/SSD-UC09-ReviewForApproval.png  used on input line 52.
(pdftex.def)             Requested size: 375.80544pt x 284.21115pt.
) [16] (./sections/uc10.tex [17 <./images/SSD-UC09-ReviewForApproval.png>] [18]
Underfull \hbox (badness 10000) in paragraph at lines 63--64

 []

<images/SSD-UC10-CreatePost.png, id=249, 539.01375pt x 124.0635pt>
File: images/SSD-UC10-CreatePost.png Graphic file (type png)
<use images/SSD-UC10-CreatePost.png>
Package pdftex.def Info: images/SSD-UC10-CreatePost.png  used on input line 67.
(pdftex.def)             Requested size: 375.80544pt x 86.49931pt.
) (./sections/uc11.tex [19 <./images/SSD-UC10-CreatePost.png>]
<images/SSD-UC11-EditPost.png, id=259, 370.38374pt x 345.54094pt>
File: images/SSD-UC11-EditPost.png Graphic file (type png)
<use images/SSD-UC11-EditPost.png>
Package pdftex.def Info: images/SSD-UC11-EditPost.png  used on input line 44.
(pdftex.def)             Requested size: 375.80544pt x 350.6017pt.
 [20]) (./sections/uc12.tex [21 <./images/SSD-UC11-EditPost.png>]
<images/SSD-UC12-DeletePost.png, id=278, 291.489pt x 235.47975pt>
File: images/SSD-UC12-DeletePost.png Graphic file (type png)
<use images/SSD-UC12-DeletePost.png>
Package pdftex.def Info: images/SSD-UC12-DeletePost.png  used on input line 45.
(pdftex.def)             Requested size: 375.80544pt x 303.61205pt.
 [22]) (./sections/uc13.tex [23 <./images/SSD-UC12-DeletePost.png>]
<images/SSD-UC13-ViewPost.png, id=297, 320.99925pt x 226.446pt>
File: images/SSD-UC13-ViewPost.png Graphic file (type png)
<use images/SSD-UC13-ViewPost.png>
Package pdftex.def Info: images/SSD-UC13-ViewPost.png  used on input line 31.
(pdftex.def)             Requested size: 375.80544pt x 265.13078pt.
 [24])
<images/SSD-UC15-ManageDisplayedPosts.png, id=306, 323.70938pt x 149.05687pt>
File: images/SSD-UC15-ManageDisplayedPosts.png Graphic file (type png)
<use images/SSD-UC15-ManageDisplayedPosts.png>
Package pdftex.def Info: images/SSD-UC15-ManageDisplayedPosts.png  used on input line 153.
(pdftex.def)             Requested size: 375.80544pt x 173.0562pt.
 [25 <./images/SSD-UC13-ViewPost.png>]
<images/SSD-UC16-ManageDisplayedMedia.png, id=313, 322.95656pt x 328.22626pt>
File: images/SSD-UC16-ManageDisplayedMedia.png Graphic file (type png)
<use images/SSD-UC16-ManageDisplayedMedia.png>
Package pdftex.def Info: images/SSD-UC16-ManageDisplayedMedia.png  used on input line 161.
(pdftex.def)             Requested size: 375.80544pt x 381.95473pt.
 [26 <./images/SSD-UC15-ManageDisplayedPosts.png>]
<images/SubmitEvent.png, id=319, 880.03781pt x 926.71219pt>
File: images/SubmitEvent.png Graphic file (type png)
<use images/SubmitEvent.png>
Package pdftex.def Info: images/SubmitEvent.png  used on input line 170.
(pdftex.def)             Requested size: 460.35791pt x 484.76363pt.
 [27 <./images/SSD-UC16-ManageDisplayedMedia.png>] [28 <./images/SubmitEvent.png>] [29] (./Iteration-1.aux) ) 
Here is how much of TeX's memory you used:
 11703 strings out of 476093
 194642 string characters out of 5795578
 1859787 words of memory out of 5000000
 31725 multiletter control sequences out of 15000+600000
 520485 words of font info for 64 fonts, out of 8000000 for 9000
 1141 hyphenation exceptions out of 8191
 86i,7n,91p,569b,555s stack positions out of 10000i,1000n,20000p,200000b,200000s
{c:/texlive/2022/texmf-dist/fonts/enc/dvips/cm-super/cm-super-ts1.enc}<c:/texlive/2022/texmf-dist/fonts/type1/public/amsfonts/cm/cmbx10.pfb><c:/texlive/2022/texmf-dist/fonts/type1/public/amsfonts/cm/cmbx12.pfb><c:/texlive/2022/texmf-dist/fonts/type1/public/amsfonts/cm/cmr10.pfb><c:/texlive/2022/texmf-dist/fonts/type1/public/amsfonts/cm/cmr12.pfb><c:/texlive/2022/texmf-dist/fonts/type1/public/amsfonts/cm/cmr17.pfb><c:/texlive/2022/texmf-dist/fonts/type1/public/cm-super/sfrm1000.pfb>
Output written on Iteration-1.pdf (29 pages, 619201 bytes).
PDF statistics:
 485 PDF objects out of 1000 (max. 8388607)
 408 compressed objects within 5 object streams
 155 named destinations out of 1000 (max. 500000)
 308 words of extra memory for PDF output out of 10000 (max. 10000000)

